  stdafx.cpp
  Cliente.cpp
  ColaCliente.cpp
  Interfaz.cpp
c:\users\kta\desktop\estructuras de datos\proyectoferreteria\proyectoferreteria\interfaz.cpp(109): error C4996: 'asctime': This function or variable may be unsafe. Consider using asctime_s instead. To disable deprecation, use _CRT_SECURE_NO_WARNINGS. See online help for details.
  c:\program files (x86)\windows kits\10\include\10.0.17134.0\ucrt\time.h(117): note: vea la declaración de 'asctime'
  Jardin.cpp
  ListaProducto.cpp
c:\users\kta\desktop\estructuras de datos\proyectoferreteria\proyectoferreteria\listaproducto.cpp(57): error C2039: 'getIdProd': no es un miembro de 'PilaProducto'
  c:\users\kta\desktop\estructuras de datos\proyectoferreteria\proyectoferreteria\pilaproducto.h(4): note: vea la declaración de 'PilaProducto'
c:\users\kta\desktop\estructuras de datos\proyectoferreteria\proyectoferreteria\listaproducto.cpp(82): error C2039: 'MostrarPila': no es un miembro de 'PilaProducto'
  c:\users\kta\desktop\estructuras de datos\proyectoferreteria\proyectoferreteria\pilaproducto.h(4): note: vea la declaración de 'PilaProducto'
  ListaTipoProducto.cpp
  Madera.cpp
  NodoProducto.cpp
  PilaCarrito.cpp
  PilaProducto.cpp
  Pintura.cpp
  Producto.cpp
  ProyectoFerreteria.cpp
  Generando código...
